<?xml version="1.0" encoding="UTF-8"?>
<testng-results ignored="0" total="6" passed="6" failed="0" skipped="0">
  <reporter-output>
  </reporter-output>
  <suite started-at="2023-06-02T22:34:32 IST" name="Default suite" finished-at="2023-06-02T22:34:34 IST" duration-ms="2069">
    <groups>
    </groups>
    <test started-at="2023-06-02T22:34:32 IST" name="Default test" finished-at="2023-06-02T22:34:34 IST" duration-ms="2069">
      <class name="com.restassure.RestaurantApiTest.RestaurantApiTesting">
        <test-method signature="RestaurantApiGetTestt()[pri:1, instance:com.restassure.RestaurantApiTest.RestaurantApiTesting@1e11bc55]" started-at="2023-06-02T22:34:32 IST" name="RestaurantApiGetTestt" finished-at="2023-06-02T22:34:33 IST" duration-ms="1688" status="PASS">
          <reporter-output>
          </reporter-output>
        </test-method> <!-- RestaurantApiGetTestt -->
        <test-method signature="RestaurantApiPostTestt()[pri:2, instance:com.restassure.RestaurantApiTest.RestaurantApiTesting@1e11bc55]" started-at="2023-06-02T22:34:33 IST" name="RestaurantApiPostTestt" finished-at="2023-06-02T22:34:33 IST" duration-ms="73" status="PASS">
          <reporter-output>
          </reporter-output>
        </test-method> <!-- RestaurantApiPostTestt -->
        <test-method signature="RestaurantApiPutTestt()[pri:3, instance:com.restassure.RestaurantApiTest.RestaurantApiTesting@1e11bc55]" started-at="2023-06-02T22:34:33 IST" name="RestaurantApiPutTestt" finished-at="2023-06-02T22:34:34 IST" duration-ms="75" status="PASS">
          <reporter-output>
          </reporter-output>
        </test-method> <!-- RestaurantApiPutTestt -->
        <test-method signature="RestaurantApiGetTestt1()[pri:4, instance:com.restassure.RestaurantApiTest.RestaurantApiTesting@1e11bc55]" started-at="2023-06-02T22:34:34 IST" name="RestaurantApiGetTestt1" finished-at="2023-06-02T22:34:34 IST" duration-ms="65" status="PASS">
          <reporter-output>
          </reporter-output>
        </test-method> <!-- RestaurantApiGetTestt1 -->
        <test-method signature="RestaurantApiDeleteTestt()[pri:5, instance:com.restassure.RestaurantApiTest.RestaurantApiTesting@1e11bc55]" started-at="2023-06-02T22:34:34 IST" name="RestaurantApiDeleteTestt" finished-at="2023-06-02T22:34:34 IST" duration-ms="53" status="PASS">
          <reporter-output>
          </reporter-output>
        </test-method> <!-- RestaurantApiDeleteTestt -->
        <test-method signature="RestaurantApiGetTestt2()[pri:6, instance:com.restassure.RestaurantApiTest.RestaurantApiTesting@1e11bc55]" started-at="2023-06-02T22:34:34 IST" name="RestaurantApiGetTestt2" finished-at="2023-06-02T22:34:34 IST" duration-ms="44" status="PASS">
          <reporter-output>
          </reporter-output>
        </test-method> <!-- RestaurantApiGetTestt2 -->
      </class> <!-- com.restassure.RestaurantApiTest.RestaurantApiTesting -->
    </test> <!-- Default test -->
  </suite> <!-- Default suite -->
</testng-results>
