<?xml version="1.0" encoding="UTF-8"?>
<!-- Generated by org.testng.reporters.JUnitXMLReporter -->
<testsuite ignored="0" hostname="SVL" failures="0" tests="6" name="Default test" time="2.069" errors="0" timestamp="2023-06-02T22:34:34 IST">
  <testcase classname="com.restassure.RestaurantApiTest.RestaurantApiTesting" name="RestaurantApiGetTestt" time="1.688"/>
  <testcase classname="com.restassure.RestaurantApiTest.RestaurantApiTesting" name="RestaurantApiPostTestt" time="0.073"/>
  <testcase classname="com.restassure.RestaurantApiTest.RestaurantApiTesting" name="RestaurantApiPutTestt" time="0.075"/>
  <testcase classname="com.restassure.RestaurantApiTest.RestaurantApiTesting" name="RestaurantApiGetTestt1" time="0.065"/>
  <testcase classname="com.restassure.RestaurantApiTest.RestaurantApiTesting" name="RestaurantApiDeleteTestt" time="0.053"/>
  <testcase classname="com.restassure.RestaurantApiTest.RestaurantApiTesting" name="RestaurantApiGetTestt2" time="0.044"/>
</testsuite> <!-- Default test -->
